<?xml version="1.0" encoding="UTF-8"?>
<!-- Generated by org.testng.reporters.JUnitXMLReporter -->
<testsuite ignored="4" hostname="Manish" failures="0" tests="4" name="ValidateMarkeringLead" time="18.644" errors="0" timestamp="2022-08-20T13:35:50 IST">
  <testcase classname="com.evs.vtiger.testcases.BaseTest" name="@BeforeMethod beforeTestCase" time="0.001">
    <failure type="java.lang.NullPointerException" message="Cannot invoke &amp;quot;com.evs.vtiger.utility.WdUtil.setExtentLogger(String)&amp;quot; because &amp;quot;this.webUtil&amp;quot; is null">
      <![CDATA[java.lang.NullPointerException: Cannot invoke "com.evs.vtiger.utility.WdUtil.setExtentLogger(String)" because "this.webUtil" is null
at com.evs.vtiger.testcases.BaseTest.beforeTestCase(BaseTest.java:45)
at java.base/java.util.ArrayList.forEach(ArrayList.java:1511)
... Removed 31 stack frames]]>
    </failure>
  </testcase> <!-- @BeforeMethod beforeTestCase -->
  <testcase classname="com.evs.vtiger.testcases.BaseTest" name="@AfterMethod afterTestCase" time="-1.660982750047E9">
    <skipped/>
  </testcase> <!-- @AfterMethod afterTestCase -->
  <testcase classname="com.evs.vtiger.testcases.BaseTest" name="@AfterClass afterTestCaseClass" time="-1.660982750049E9">
    <skipped/>
  </testcase> <!-- @AfterClass afterTestCaseClass -->
  <testcase classname="com.evs.vtiger.testcases.BaseTest" name="@BeforeMethod beforeTestCase" time="0.0">
    <failure type="java.lang.NullPointerException" message="Cannot invoke &amp;quot;com.evs.vtiger.utility.WdUtil.setExtentLogger(String)&amp;quot; because &amp;quot;this.webUtil&amp;quot; is null">
      <![CDATA[java.lang.NullPointerException: Cannot invoke "com.evs.vtiger.utility.WdUtil.setExtentLogger(String)" because "this.webUtil" is null
at com.evs.vtiger.testcases.BaseTest.beforeTestCase(BaseTest.java:45)
at java.base/java.util.ArrayList.forEach(ArrayList.java:1511)
... Removed 31 stack frames]]>
    </failure>
  </testcase> <!-- @BeforeMethod beforeTestCase -->
  <testcase classname="com.evs.vtiger.testcases.BaseTest" name="@AfterMethod afterTestCase" time="-1.660982750056E9">
    <skipped/>
  </testcase> <!-- @AfterMethod afterTestCase -->
  <testcase classname="com.evs.vtiger.testcases.BaseTest" name="@AfterClass afterTestCaseClass" time="-1.660982750056E9">
    <skipped/>
  </testcase> <!-- @AfterClass afterTestCaseClass -->
  <testcase classname="com.evs.vtiger.testcases.ValidateLeadsFunctionality" name="vt001ValidateValidLoginpage" time="0.914"/>
  <testcase classname="com.evs.vtiger.testcases.ValidateLeadsFunctionality" name="vt002ValidateCreateLeads" time="7.631"/>
  <testcase classname="com.evs.vtiger.testcases.ValidateSalesAccount" name="vt003ValidateCreateAccount" time="0.0">
    <skipped/>
  </testcase> <!-- vt003ValidateCreateAccount -->
  <testcase classname="com.evs.vtiger.testcases.ValidateSalesPotential" name="vt004ValidateCreatePotential" time="0.0">
    <skipped/>
  </testcase> <!-- vt004ValidateCreatePotential -->
  <testcase classname="com.evs.vtiger.testcases.BaseTest" name="@AfterSuite tearDown" time="0.0">
    <ignored/>
  </testcase> <!-- @AfterSuite tearDown -->
  <testcase classname="com.evs.vtiger.testcases.BaseTest" name="@AfterSuite tearDown" time="0.0">
    <ignored/>
  </testcase> <!-- @AfterSuite tearDown -->
  <testcase classname="com.evs.vtiger.testcases.BaseTest" name="@BeforeSuite tearUp" time="0.0">
    <ignored/>
  </testcase> <!-- @BeforeSuite tearUp -->
  <testcase classname="com.evs.vtiger.testcases.BaseTest" name="@BeforeSuite tearUp" time="0.0">
    <ignored/>
  </testcase> <!-- @BeforeSuite tearUp -->
</testsuite> <!-- ValidateMarkeringLead -->
